This file contains any messages produced by compilers while
running configure, to aid debugging if configure makes a mistake.

It was created by airs configure 1.0, which was
generated by GNU Autoconf 2.69.  Invocation command line was

  $ ../airs/configure 

## --------- ##
## Platform. ##
## --------- ##

hostname = nebula
uname -m = x86_64
uname -r = 18.7.0
uname -s = Darwin
uname -v = Darwin Kernel Version 18.7.0: Tue Aug 20 16:57:14 PDT 2019; root:xnu-4903.271.2~2/RELEASE_X86_64

/usr/bin/uname -p = i386
/bin/uname -X     = unknown

/bin/arch              = unknown
/usr/bin/arch -k       = unknown
/usr/convex/getsysinfo = unknown
/usr/bin/hostinfo      = Mach kernel version:
	 Darwin Kernel Version 18.7.0: Tue Aug 20 16:57:14 PDT 2019; root:xnu-4903.271.2~2/RELEASE_X86_64
Kernel configured for up to 12 processors.
6 processors are physically available.
12 processors are logically available.
Processor type: x86_64h (Intel x86-64h Haswell)
Processors active: 0 1 2 3 4 5 6 7 8 9 10 11
Primary memory available: 16.00 gigabytes
Default processor set: 426 tasks, 1669 threads, 12 processors
Load average: 1.07, Mach factor: 10.92
/bin/machine           = unknown
/usr/bin/oslevel       = unknown
/bin/universe          = unknown

PATH: /usr/local/bin
PATH: /usr/bin
PATH: /bin
PATH: /usr/sbin
PATH: /sbin
PATH: /Library/TeX/texbin
PATH: /opt/X11/bin


## ----------- ##
## Core tests. ##
## ----------- ##

configure:2289: checking build system type
configure:2303: result: x86_64-apple-darwin18.7.0
configure:2323: checking host system type
configure:2336: result: x86_64-apple-darwin18.7.0
configure:2356: checking target system type
configure:2369: result: x86_64-apple-darwin18.7.0
configure:2412: checking for a BSD-compatible install
configure:2480: result: /usr/bin/install -c
configure:2491: checking whether build environment is sane
configure:2546: result: yes
configure:2697: checking for a thread-safe mkdir -p
configure:2736: result: ../airs/install-sh -c -d
configure:2743: checking for gawk
configure:2773: result: no
configure:2743: checking for mawk
configure:2773: result: no
configure:2743: checking for nawk
configure:2773: result: no
configure:2743: checking for awk
configure:2759: found /usr/bin/awk
configure:2770: result: awk
configure:2781: checking whether make sets $(MAKE)
configure:2803: result: yes
configure:2832: checking whether make supports nested variables
configure:2849: result: yes
configure:3034: checking for g++
configure:3050: found /usr/bin/g++
configure:3061: result: g++
configure:3088: checking for C++ compiler version
configure:3097: g++ --version >&5
Apple LLVM version 10.0.1 (clang-1001.0.46.4)
Target: x86_64-apple-darwin18.7.0
Thread model: posix
InstalledDir: /Library/Developer/CommandLineTools/usr/bin
Configured with: --prefix=/Library/Developer/CommandLineTools/usr --with-gxx-include-dir=/Library/Developer/CommandLineTools/SDKs/MacOSX10.14.sdk/usr/include/c++/4.2.1
configure:3108: $? = 0
configure:3097: g++ -v >&5
Configured with: --prefix=/Library/Developer/CommandLineTools/usr --with-gxx-include-dir=/Library/Developer/CommandLineTools/SDKs/MacOSX10.14.sdk/usr/include/c++/4.2.1
Apple LLVM version 10.0.1 (clang-1001.0.46.4)
Target: x86_64-apple-darwin18.7.0
Thread model: posix
InstalledDir: /Library/Developer/CommandLineTools/usr/bin
configure:3108: $? = 0
configure:3097: g++ -V >&5
clang: error: unsupported option '-V -Wno-atomic-implicit-seq-cst'
clang: error: no input files
configure:3108: $? = 1
configure:3097: g++ -qversion >&5
clang: error: unknown argument '-qversion', did you mean '--version'?
clang: error: no input files
configure:3108: $? = 1
configure:3128: checking whether the C++ compiler works
configure:3150: g++    conftest.cpp  >&5
configure:3154: $? = 0
configure:3202: result: yes
configure:3205: checking for C++ compiler default output file name
configure:3207: result: a.out
configure:3213: checking for suffix of executables
configure:3220: g++ -o conftest    conftest.cpp  >&5
configure:3224: $? = 0
configure:3246: result: 
configure:3268: checking whether we are cross compiling
configure:3276: g++ -o conftest    conftest.cpp  >&5
configure:3280: $? = 0
configure:3287: ./conftest
configure:3291: $? = 0
configure:3306: result: no
configure:3311: checking for suffix of object files
configure:3333: g++ -c   conftest.cpp >&5
configure:3337: $? = 0
configure:3358: result: o
configure:3362: checking whether we are using the GNU C++ compiler
configure:3381: g++ -c   conftest.cpp >&5
configure:3381: $? = 0
configure:3390: result: yes
configure:3399: checking whether g++ accepts -g
configure:3419: g++ -c -g  conftest.cpp >&5
configure:3419: $? = 0
configure:3460: result: yes
configure:3486: checking whether make supports the include directive
configure:3501: make -f confmf.GNU && cat confinc.out
this is the am__doit target
configure:3504: $? = 0
configure:3523: result: yes (GNU style)
configure:3548: checking dependency style of g++
configure:3659: result: gcc3
configure:3722: checking for gcc
configure:3738: found /usr/bin/gcc
configure:3749: result: gcc
configure:3978: checking for C compiler version
configure:3987: gcc --version >&5
Apple LLVM version 10.0.1 (clang-1001.0.46.4)
Target: x86_64-apple-darwin18.7.0
Thread model: posix
InstalledDir: /Library/Developer/CommandLineTools/usr/bin
Configured with: --prefix=/Library/Developer/CommandLineTools/usr --with-gxx-include-dir=/Library/Developer/CommandLineTools/SDKs/MacOSX10.14.sdk/usr/include/c++/4.2.1
configure:3998: $? = 0
configure:3987: gcc -v >&5
Configured with: --prefix=/Library/Developer/CommandLineTools/usr --with-gxx-include-dir=/Library/Developer/CommandLineTools/SDKs/MacOSX10.14.sdk/usr/include/c++/4.2.1
Apple LLVM version 10.0.1 (clang-1001.0.46.4)
Target: x86_64-apple-darwin18.7.0
Thread model: posix
InstalledDir: /Library/Developer/CommandLineTools/usr/bin
configure:3998: $? = 0
configure:3987: gcc -V >&5
clang: error: unsupported option '-V -Wno-atomic-implicit-seq-cst'
clang: error: no input files
configure:3998: $? = 1
configure:3987: gcc -qversion >&5
clang: error: unknown argument '-qversion', did you mean '--version'?
clang: error: no input files
configure:3998: $? = 1
configure:4002: checking whether we are using the GNU C compiler
configure:4021: gcc -c   conftest.c >&5
configure:4021: $? = 0
configure:4030: result: yes
configure:4039: checking whether gcc accepts -g
configure:4059: gcc -c -g  conftest.c >&5
configure:4059: $? = 0
configure:4100: result: yes
configure:4117: checking for gcc option to accept ISO C89
configure:4180: gcc  -c -g -O2  conftest.c >&5
configure:4180: $? = 0
configure:4193: result: none needed
configure:4218: checking whether gcc understands -c and -o together
configure:4240: gcc -c conftest.c -o conftest2.o
configure:4243: $? = 0
configure:4240: gcc -c conftest.c -o conftest2.o
configure:4243: $? = 0
configure:4255: result: yes
configure:4274: checking dependency style of gcc
configure:4385: result: gcc3
configure:4408: checking how to run the C preprocessor
configure:4439: gcc -E  conftest.c
configure:4439: $? = 0
configure:4453: gcc -E  conftest.c
conftest.c:11:10: fatal error: 'ac_nonexistent.h' file not found
#include <ac_nonexistent.h>
         ^~~~~~~~~~~~~~~~~~
1 error generated.
configure:4453: $? = 1
configure: failed program was:
| /* confdefs.h */
| #define PACKAGE_NAME "airs"
| #define PACKAGE_TARNAME "airs"
| #define PACKAGE_VERSION "1.0"
| #define PACKAGE_STRING "airs 1.0"
| #define PACKAGE_BUGREPORT ""
| #define PACKAGE_URL ""
| #define PACKAGE "airs"
| #define VERSION "1.0"
| /* end confdefs.h.  */
| #include <ac_nonexistent.h>
configure:4478: result: gcc -E
configure:4498: gcc -E  conftest.c
configure:4498: $? = 0
configure:4512: gcc -E  conftest.c
conftest.c:11:10: fatal error: 'ac_nonexistent.h' file not found
#include <ac_nonexistent.h>
         ^~~~~~~~~~~~~~~~~~
1 error generated.
configure:4512: $? = 1
configure: failed program was:
| /* confdefs.h */
| #define PACKAGE_NAME "airs"
| #define PACKAGE_TARNAME "airs"
| #define PACKAGE_VERSION "1.0"
| #define PACKAGE_STRING "airs 1.0"
| #define PACKAGE_BUGREPORT ""
| #define PACKAGE_URL ""
| #define PACKAGE "airs"
| #define VERSION "1.0"
| /* end confdefs.h.  */
| #include <ac_nonexistent.h>
configure:4541: checking for grep that handles long lines and -e
configure:4599: result: /usr/bin/grep
configure:4604: checking for egrep
configure:4666: result: /usr/bin/grep -E
configure:4671: checking for ANSI C header files
configure:4691: gcc -c -g -O2  conftest.c >&5
configure:4691: $? = 0
configure:4764: gcc -o conftest -g -O2   conftest.c  >&5
configure:4764: $? = 0
configure:4764: ./conftest
configure:4764: $? = 0
configure:4775: result: yes
configure:4788: checking for sys/types.h
configure:4788: gcc -c -g -O2  conftest.c >&5
configure:4788: $? = 0
configure:4788: result: yes
configure:4788: checking for sys/stat.h
configure:4788: gcc -c -g -O2  conftest.c >&5
configure:4788: $? = 0
configure:4788: result: yes
configure:4788: checking for stdlib.h
configure:4788: gcc -c -g -O2  conftest.c >&5
configure:4788: $? = 0
configure:4788: result: yes
configure:4788: checking for string.h
configure:4788: gcc -c -g -O2  conftest.c >&5
configure:4788: $? = 0
configure:4788: result: yes
configure:4788: checking for memory.h
configure:4788: gcc -c -g -O2  conftest.c >&5
configure:4788: $? = 0
configure:4788: result: yes
configure:4788: checking for strings.h
configure:4788: gcc -c -g -O2  conftest.c >&5
configure:4788: $? = 0
configure:4788: result: yes
configure:4788: checking for inttypes.h
configure:4788: gcc -c -g -O2  conftest.c >&5
configure:4788: $? = 0
configure:4788: result: yes
configure:4788: checking for stdint.h
configure:4788: gcc -c -g -O2  conftest.c >&5
configure:4788: $? = 0
configure:4788: result: yes
configure:4788: checking for unistd.h
configure:4788: gcc -c -g -O2  conftest.c >&5
configure:4788: $? = 0
configure:4788: result: yes
configure:4803: checking fcntl.h usability
configure:4803: gcc -c -g -O2  conftest.c >&5
configure:4803: $? = 0
configure:4803: result: yes
configure:4803: checking fcntl.h presence
configure:4803: gcc -E  conftest.c
configure:4803: $? = 0
configure:4803: result: yes
configure:4803: checking for fcntl.h
configure:4803: result: yes
configure:4803: checking syslog.h usability
configure:4803: gcc -c -g -O2  conftest.c >&5
configure:4803: $? = 0
configure:4803: result: yes
configure:4803: checking syslog.h presence
configure:4803: gcc -E  conftest.c
configure:4803: $? = 0
configure:4803: result: yes
configure:4803: checking for syslog.h
configure:4803: result: yes
configure:4803: checking for unistd.h
configure:4803: result: yes
configure:4816: checking for ftruncate
configure:4816: gcc -o conftest -g -O2   conftest.c  >&5
configure:4816: $? = 0
configure:4816: result: yes
configure:4816: checking for mkdir
configure:4816: gcc -o conftest -g -O2   conftest.c  >&5
configure:4816: $? = 0
configure:4816: result: yes
configure:4825: checking for stdbool.h that conforms to C99
configure:4892: gcc -c -g -O2  conftest.c >&5
conftest.c:75:24: warning: address of 's' will always evaluate to 'true' [-Wpointer-bool-conversion]
             bool e = &s;
                  ~    ^
conftest.c:79:23: warning: address of array 'a' will always evaluate to 'true' [-Wpointer-bool-conversion]
             return (!a + !b + !c + !d + !e + !f + !g + !h + !i + !!j + !k + !!l
                     ~^
conftest.c:79:28: warning: address of array 'b' will always evaluate to 'true' [-Wpointer-bool-conversion]
             return (!a + !b + !c + !d + !e + !f + !g + !h + !i + !!j + !k + !!l
                          ~^
conftest.c:79:33: warning: address of array 'c' will always evaluate to 'true' [-Wpointer-bool-conversion]
             return (!a + !b + !c + !d + !e + !f + !g + !h + !i + !!j + !k + !!l
                               ~^
conftest.c:79:38: warning: address of array 'd' will always evaluate to 'true' [-Wpointer-bool-conversion]
             return (!a + !b + !c + !d + !e + !f + !g + !h + !i + !!j + !k + !!l
                                    ~^
conftest.c:79:48: warning: address of array 'f' will always evaluate to 'true' [-Wpointer-bool-conversion]
             return (!a + !b + !c + !d + !e + !f + !g + !h + !i + !!j + !k + !!l
                                              ~^
conftest.c:79:53: warning: address of array 'g' will always evaluate to 'true' [-Wpointer-bool-conversion]
             return (!a + !b + !c + !d + !e + !f + !g + !h + !i + !!j + !k + !!l
                                                   ~^
conftest.c:79:58: warning: address of array 'h' will always evaluate to 'true' [-Wpointer-bool-conversion]
             return (!a + !b + !c + !d + !e + !f + !g + !h + !i + !!j + !k + !!l
                                                        ~^
conftest.c:79:63: warning: address of array 'i' will always evaluate to 'true' [-Wpointer-bool-conversion]
             return (!a + !b + !c + !d + !e + !f + !g + !h + !i + !!j + !k + !!l
                                                             ~^
conftest.c:80:30: warning: address of array 'n' will always evaluate to 'true' [-Wpointer-bool-conversion]
                            ~^
conftest.c:80:35: warning: address of array 'o' will always evaluate to 'true' [-Wpointer-bool-conversion]
                                 ~^
conftest.c:80:40: warning: address of array 'p' will always evaluate to 'true' [-Wpointer-bool-conversion]
                                      ~^
12 warnings generated.
configure:4892: $? = 0
configure:4899: result: yes
configure:4901: checking for _Bool
configure:4901: gcc -c -g -O2  conftest.c >&5
configure:4901: $? = 0
configure:4901: gcc -c -g -O2  conftest.c >&5
conftest.c:62:20: error: expected expression
if (sizeof ((_Bool)))
                   ^
1 error generated.
configure:4901: $? = 1
configure: failed program was:
| /* confdefs.h */
| #define PACKAGE_NAME "airs"
| #define PACKAGE_TARNAME "airs"
| #define PACKAGE_VERSION "1.0"
| #define PACKAGE_STRING "airs 1.0"
| #define PACKAGE_BUGREPORT ""
| #define PACKAGE_URL ""
| #define PACKAGE "airs"
| #define VERSION "1.0"
| #define STDC_HEADERS 1
| #define HAVE_SYS_TYPES_H 1
| #define HAVE_SYS_STAT_H 1
| #define HAVE_STDLIB_H 1
| #define HAVE_STRING_H 1
| #define HAVE_MEMORY_H 1
| #define HAVE_STRINGS_H 1
| #define HAVE_INTTYPES_H 1
| #define HAVE_STDINT_H 1
| #define HAVE_UNISTD_H 1
| #define HAVE_FCNTL_H 1
| #define HAVE_SYSLOG_H 1
| #define HAVE_UNISTD_H 1
| #define HAVE_FTRUNCATE 1
| #define HAVE_MKDIR 1
| /* end confdefs.h.  */
| #include <stdio.h>
| #ifdef HAVE_SYS_TYPES_H
| # include <sys/types.h>
| #endif
| #ifdef HAVE_SYS_STAT_H
| # include <sys/stat.h>
| #endif
| #ifdef STDC_HEADERS
| # include <stdlib.h>
| # include <stddef.h>
| #else
| # ifdef HAVE_STDLIB_H
| #  include <stdlib.h>
| # endif
| #endif
| #ifdef HAVE_STRING_H
| # if !defined STDC_HEADERS && defined HAVE_MEMORY_H
| #  include <memory.h>
| # endif
| # include <string.h>
| #endif
| #ifdef HAVE_STRINGS_H
| # include <strings.h>
| #endif
| #ifdef HAVE_INTTYPES_H
| # include <inttypes.h>
| #endif
| #ifdef HAVE_STDINT_H
| # include <stdint.h>
| #endif
| #ifdef HAVE_UNISTD_H
| # include <unistd.h>
| #endif
| int
| main ()
| {
| if (sizeof ((_Bool)))
| 	    return 0;
|   ;
|   return 0;
| }
configure:4901: result: yes
configure:4912: checking for pid_t
configure:4912: gcc -c -g -O2  conftest.c >&5
configure:4912: $? = 0
configure:4912: gcc -c -g -O2  conftest.c >&5
conftest.c:63:20: error: expected expression
if (sizeof ((pid_t)))
                   ^
1 error generated.
configure:4912: $? = 1
configure: failed program was:
| /* confdefs.h */
| #define PACKAGE_NAME "airs"
| #define PACKAGE_TARNAME "airs"
| #define PACKAGE_VERSION "1.0"
| #define PACKAGE_STRING "airs 1.0"
| #define PACKAGE_BUGREPORT ""
| #define PACKAGE_URL ""
| #define PACKAGE "airs"
| #define VERSION "1.0"
| #define STDC_HEADERS 1
| #define HAVE_SYS_TYPES_H 1
| #define HAVE_SYS_STAT_H 1
| #define HAVE_STDLIB_H 1
| #define HAVE_STRING_H 1
| #define HAVE_MEMORY_H 1
| #define HAVE_STRINGS_H 1
| #define HAVE_INTTYPES_H 1
| #define HAVE_STDINT_H 1
| #define HAVE_UNISTD_H 1
| #define HAVE_FCNTL_H 1
| #define HAVE_SYSLOG_H 1
| #define HAVE_UNISTD_H 1
| #define HAVE_FTRUNCATE 1
| #define HAVE_MKDIR 1
| #define HAVE__BOOL 1
| /* end confdefs.h.  */
| #include <stdio.h>
| #ifdef HAVE_SYS_TYPES_H
| # include <sys/types.h>
| #endif
| #ifdef HAVE_SYS_STAT_H
| # include <sys/stat.h>
| #endif
| #ifdef STDC_HEADERS
| # include <stdlib.h>
| # include <stddef.h>
| #else
| # ifdef HAVE_STDLIB_H
| #  include <stdlib.h>
| # endif
| #endif
| #ifdef HAVE_STRING_H
| # if !defined STDC_HEADERS && defined HAVE_MEMORY_H
| #  include <memory.h>
| # endif
| # include <string.h>
| #endif
| #ifdef HAVE_STRINGS_H
| # include <strings.h>
| #endif
| #ifdef HAVE_INTTYPES_H
| # include <inttypes.h>
| #endif
| #ifdef HAVE_STDINT_H
| # include <stdint.h>
| #endif
| #ifdef HAVE_UNISTD_H
| # include <unistd.h>
| #endif
| int
| main ()
| {
| if (sizeof ((pid_t)))
| 	    return 0;
|   ;
|   return 0;
| }
configure:4912: result: yes
configure:4925: checking vfork.h usability
configure:4925: gcc -c -g -O2  conftest.c >&5
conftest.c:60:10: fatal error: 'vfork.h' file not found
#include <vfork.h>
         ^~~~~~~~~
1 error generated.
configure:4925: $? = 1
configure: failed program was:
| /* confdefs.h */
| #define PACKAGE_NAME "airs"
| #define PACKAGE_TARNAME "airs"
| #define PACKAGE_VERSION "1.0"
| #define PACKAGE_STRING "airs 1.0"
| #define PACKAGE_BUGREPORT ""
| #define PACKAGE_URL ""
| #define PACKAGE "airs"
| #define VERSION "1.0"
| #define STDC_HEADERS 1
| #define HAVE_SYS_TYPES_H 1
| #define HAVE_SYS_STAT_H 1
| #define HAVE_STDLIB_H 1
| #define HAVE_STRING_H 1
| #define HAVE_MEMORY_H 1
| #define HAVE_STRINGS_H 1
| #define HAVE_INTTYPES_H 1
| #define HAVE_STDINT_H 1
| #define HAVE_UNISTD_H 1
| #define HAVE_FCNTL_H 1
| #define HAVE_SYSLOG_H 1
| #define HAVE_UNISTD_H 1
| #define HAVE_FTRUNCATE 1
| #define HAVE_MKDIR 1
| #define HAVE__BOOL 1
| /* end confdefs.h.  */
| #include <stdio.h>
| #ifdef HAVE_SYS_TYPES_H
| # include <sys/types.h>
| #endif
| #ifdef HAVE_SYS_STAT_H
| # include <sys/stat.h>
| #endif
| #ifdef STDC_HEADERS
| # include <stdlib.h>
| # include <stddef.h>
| #else
| # ifdef HAVE_STDLIB_H
| #  include <stdlib.h>
| # endif
| #endif
| #ifdef HAVE_STRING_H
| # if !defined STDC_HEADERS && defined HAVE_MEMORY_H
| #  include <memory.h>
| # endif
| # include <string.h>
| #endif
| #ifdef HAVE_STRINGS_H
| # include <strings.h>
| #endif
| #ifdef HAVE_INTTYPES_H
| # include <inttypes.h>
| #endif
| #ifdef HAVE_STDINT_H
| # include <stdint.h>
| #endif
| #ifdef HAVE_UNISTD_H
| # include <unistd.h>
| #endif
| #include <vfork.h>
configure:4925: result: no
configure:4925: checking vfork.h presence
configure:4925: gcc -E  conftest.c
conftest.c:27:10: fatal error: 'vfork.h' file not found
#include <vfork.h>
         ^~~~~~~~~
1 error generated.
configure:4925: $? = 1
configure: failed program was:
| /* confdefs.h */
| #define PACKAGE_NAME "airs"
| #define PACKAGE_TARNAME "airs"
| #define PACKAGE_VERSION "1.0"
| #define PACKAGE_STRING "airs 1.0"
| #define PACKAGE_BUGREPORT ""
| #define PACKAGE_URL ""
| #define PACKAGE "airs"
| #define VERSION "1.0"
| #define STDC_HEADERS 1
| #define HAVE_SYS_TYPES_H 1
| #define HAVE_SYS_STAT_H 1
| #define HAVE_STDLIB_H 1
| #define HAVE_STRING_H 1
| #define HAVE_MEMORY_H 1
| #define HAVE_STRINGS_H 1
| #define HAVE_INTTYPES_H 1
| #define HAVE_STDINT_H 1
| #define HAVE_UNISTD_H 1
| #define HAVE_FCNTL_H 1
| #define HAVE_SYSLOG_H 1
| #define HAVE_UNISTD_H 1
| #define HAVE_FTRUNCATE 1
| #define HAVE_MKDIR 1
| #define HAVE__BOOL 1
| /* end confdefs.h.  */
| #include <vfork.h>
configure:4925: result: no
configure:4925: checking for vfork.h
configure:4925: result: no
configure:4938: checking for fork
configure:4938: gcc -o conftest -g -O2   conftest.c  >&5
configure:4938: $? = 0
configure:4938: result: yes
configure:4938: checking for vfork
configure:4938: gcc -o conftest -g -O2   conftest.c  >&5
conftest.c:51:6: warning: incompatible redeclaration of library function 'vfork' [-Wincompatible-library-redeclaration]
char vfork ();
     ^
conftest.c:51:6: note: 'vfork' is a builtin with type 'int (void)'
1 warning generated.
configure:4938: $? = 0
configure:4938: result: yes
configure:4948: checking for working fork
configure:4970: gcc -o conftest -g -O2   conftest.c  >&5
configure:4970: $? = 0
configure:4970: ./conftest
configure:4970: $? = 0
configure:4980: result: yes
configure:5001: checking for working vfork
configure:5111: result: yes
configure:5136: checking for off_t
configure:5136: gcc -c -g -O2  conftest.c >&5
configure:5136: $? = 0
configure:5136: gcc -c -g -O2  conftest.c >&5
conftest.c:67:20: error: expected expression
if (sizeof ((off_t)))
                   ^
1 error generated.
configure:5136: $? = 1
configure: failed program was:
| /* confdefs.h */
| #define PACKAGE_NAME "airs"
| #define PACKAGE_TARNAME "airs"
| #define PACKAGE_VERSION "1.0"
| #define PACKAGE_STRING "airs 1.0"
| #define PACKAGE_BUGREPORT ""
| #define PACKAGE_URL ""
| #define PACKAGE "airs"
| #define VERSION "1.0"
| #define STDC_HEADERS 1
| #define HAVE_SYS_TYPES_H 1
| #define HAVE_SYS_STAT_H 1
| #define HAVE_STDLIB_H 1
| #define HAVE_STRING_H 1
| #define HAVE_MEMORY_H 1
| #define HAVE_STRINGS_H 1
| #define HAVE_INTTYPES_H 1
| #define HAVE_STDINT_H 1
| #define HAVE_UNISTD_H 1
| #define HAVE_FCNTL_H 1
| #define HAVE_SYSLOG_H 1
| #define HAVE_UNISTD_H 1
| #define HAVE_FTRUNCATE 1
| #define HAVE_MKDIR 1
| #define HAVE__BOOL 1
| #define HAVE_FORK 1
| #define HAVE_VFORK 1
| #define HAVE_WORKING_VFORK 1
| #define HAVE_WORKING_FORK 1
| /* end confdefs.h.  */
| #include <stdio.h>
| #ifdef HAVE_SYS_TYPES_H
| # include <sys/types.h>
| #endif
| #ifdef HAVE_SYS_STAT_H
| # include <sys/stat.h>
| #endif
| #ifdef STDC_HEADERS
| # include <stdlib.h>
| # include <stddef.h>
| #else
| # ifdef HAVE_STDLIB_H
| #  include <stdlib.h>
| # endif
| #endif
| #ifdef HAVE_STRING_H
| # if !defined STDC_HEADERS && defined HAVE_MEMORY_H
| #  include <memory.h>
| # endif
| # include <string.h>
| #endif
| #ifdef HAVE_STRINGS_H
| # include <strings.h>
| #endif
| #ifdef HAVE_INTTYPES_H
| # include <inttypes.h>
| #endif
| #ifdef HAVE_STDINT_H
| # include <stdint.h>
| #endif
| #ifdef HAVE_UNISTD_H
| # include <unistd.h>
| #endif
| int
| main ()
| {
| if (sizeof ((off_t)))
| 	    return 0;
|   ;
|   return 0;
| }
configure:5136: result: yes
configure:5147: checking for pid_t
configure:5147: result: yes
configure:5158: checking for size_t
configure:5158: gcc -c -g -O2  conftest.c >&5
configure:5158: $? = 0
configure:5158: gcc -c -g -O2  conftest.c >&5
conftest.c:67:21: error: expected expression
if (sizeof ((size_t)))
                    ^
1 error generated.
configure:5158: $? = 1
configure: failed program was:
| /* confdefs.h */
| #define PACKAGE_NAME "airs"
| #define PACKAGE_TARNAME "airs"
| #define PACKAGE_VERSION "1.0"
| #define PACKAGE_STRING "airs 1.0"
| #define PACKAGE_BUGREPORT ""
| #define PACKAGE_URL ""
| #define PACKAGE "airs"
| #define VERSION "1.0"
| #define STDC_HEADERS 1
| #define HAVE_SYS_TYPES_H 1
| #define HAVE_SYS_STAT_H 1
| #define HAVE_STDLIB_H 1
| #define HAVE_STRING_H 1
| #define HAVE_MEMORY_H 1
| #define HAVE_STRINGS_H 1
| #define HAVE_INTTYPES_H 1
| #define HAVE_STDINT_H 1
| #define HAVE_UNISTD_H 1
| #define HAVE_FCNTL_H 1
| #define HAVE_SYSLOG_H 1
| #define HAVE_UNISTD_H 1
| #define HAVE_FTRUNCATE 1
| #define HAVE_MKDIR 1
| #define HAVE__BOOL 1
| #define HAVE_FORK 1
| #define HAVE_VFORK 1
| #define HAVE_WORKING_VFORK 1
| #define HAVE_WORKING_FORK 1
| /* end confdefs.h.  */
| #include <stdio.h>
| #ifdef HAVE_SYS_TYPES_H
| # include <sys/types.h>
| #endif
| #ifdef HAVE_SYS_STAT_H
| # include <sys/stat.h>
| #endif
| #ifdef STDC_HEADERS
| # include <stdlib.h>
| # include <stddef.h>
| #else
| # ifdef HAVE_STDLIB_H
| #  include <stdlib.h>
| # endif
| #endif
| #ifdef HAVE_STRING_H
| # if !defined STDC_HEADERS && defined HAVE_MEMORY_H
| #  include <memory.h>
| # endif
| # include <string.h>
| #endif
| #ifdef HAVE_STRINGS_H
| # include <strings.h>
| #endif
| #ifdef HAVE_INTTYPES_H
| # include <inttypes.h>
| #endif
| #ifdef HAVE_STDINT_H
| # include <stdint.h>
| #endif
| #ifdef HAVE_UNISTD_H
| # include <unistd.h>
| #endif
| int
| main ()
| {
| if (sizeof ((size_t)))
| 	    return 0;
|   ;
|   return 0;
| }
configure:5158: result: yes
configure:5317: checking that generated files are newer than configure
configure:5323: result: done
configure:5350: creating ./config.status

## ---------------------- ##
## Running config.status. ##
## ---------------------- ##

This file was extended by airs config.status 1.0, which was
generated by GNU Autoconf 2.69.  Invocation command line was

  CONFIG_FILES    = 
  CONFIG_HEADERS  = 
  CONFIG_LINKS    = 
  CONFIG_COMMANDS = 
  $ ./config.status 

on nebula

config.status:796: creating Makefile
config.status:796: creating src/Makefile
config.status:953: executing depfiles commands
config.status:1030: cd src       && sed -e '/# am--include-marker/d' Makefile         | make -f - am--depfiles
config.status:1035: $? = 0

## ---------------- ##
## Cache variables. ##
## ---------------- ##

ac_cv_build=x86_64-apple-darwin18.7.0
ac_cv_c_compiler_gnu=yes
ac_cv_cxx_compiler_gnu=yes
ac_cv_env_CCC_set=
ac_cv_env_CCC_value=
ac_cv_env_CC_set=
ac_cv_env_CC_value=
ac_cv_env_CFLAGS_set=
ac_cv_env_CFLAGS_value=
ac_cv_env_CPPFLAGS_set=
ac_cv_env_CPPFLAGS_value=
ac_cv_env_CPP_set=
ac_cv_env_CPP_value=
ac_cv_env_CXXFLAGS_set=
ac_cv_env_CXXFLAGS_value=
ac_cv_env_CXX_set=
ac_cv_env_CXX_value=
ac_cv_env_LDFLAGS_set=
ac_cv_env_LDFLAGS_value=
ac_cv_env_LIBS_set=
ac_cv_env_LIBS_value=
ac_cv_env_build_alias_set=
ac_cv_env_build_alias_value=
ac_cv_env_host_alias_set=
ac_cv_env_host_alias_value=
ac_cv_env_target_alias_set=
ac_cv_env_target_alias_value=
ac_cv_func_fork=yes
ac_cv_func_fork_works=yes
ac_cv_func_ftruncate=yes
ac_cv_func_mkdir=yes
ac_cv_func_vfork=yes
ac_cv_func_vfork_works=yes
ac_cv_header_fcntl_h=yes
ac_cv_header_inttypes_h=yes
ac_cv_header_memory_h=yes
ac_cv_header_stdbool_h=yes
ac_cv_header_stdc=yes
ac_cv_header_stdint_h=yes
ac_cv_header_stdlib_h=yes
ac_cv_header_string_h=yes
ac_cv_header_strings_h=yes
ac_cv_header_sys_stat_h=yes
ac_cv_header_sys_types_h=yes
ac_cv_header_syslog_h=yes
ac_cv_header_unistd_h=yes
ac_cv_header_vfork_h=no
ac_cv_host=x86_64-apple-darwin18.7.0
ac_cv_objext=o
ac_cv_path_EGREP='/usr/bin/grep -E'
ac_cv_path_GREP=/usr/bin/grep
ac_cv_path_install='/usr/bin/install -c'
ac_cv_prog_AWK=awk
ac_cv_prog_CPP='gcc -E'
ac_cv_prog_ac_ct_CC=gcc
ac_cv_prog_ac_ct_CXX=g++
ac_cv_prog_cc_c89=
ac_cv_prog_cc_g=yes
ac_cv_prog_cxx_g=yes
ac_cv_prog_make_make_set=yes
ac_cv_target=x86_64-apple-darwin18.7.0
ac_cv_type__Bool=yes
ac_cv_type_off_t=yes
ac_cv_type_pid_t=yes
ac_cv_type_size_t=yes
am_cv_CC_dependencies_compiler_type=gcc3
am_cv_CXX_dependencies_compiler_type=gcc3
am_cv_make_support_nested_variables=yes
am_cv_prog_cc_c_o=yes

## ----------------- ##
## Output variables. ##
## ----------------- ##

ACLOCAL='${SHELL} /Users/lxm/Workspace/airs/airs/missing aclocal-1.16'
AMDEPBACKSLASH='\'
AMDEP_FALSE='#'
AMDEP_TRUE=''
AMTAR='$${TAR-tar}'
AM_BACKSLASH='\'
AM_DEFAULT_V='$(AM_DEFAULT_VERBOSITY)'
AM_DEFAULT_VERBOSITY='1'
AM_V='$(V)'
AUTOCONF='${SHELL} /Users/lxm/Workspace/airs/airs/missing autoconf'
AUTOHEADER='${SHELL} /Users/lxm/Workspace/airs/airs/missing autoheader'
AUTOMAKE='${SHELL} /Users/lxm/Workspace/airs/airs/missing automake-1.16'
AWK='awk'
CC='gcc'
CCDEPMODE='depmode=gcc3'
CFLAGS='-g -O2'
CPP='gcc -E'
CPPFLAGS=''
CXX='g++'
CXXDEPMODE='depmode=gcc3'
CXXFLAGS='-std=c++0x'
CYGPATH_W='echo'
DEFS='-DPACKAGE_NAME=\"airs\" -DPACKAGE_TARNAME=\"airs\" -DPACKAGE_VERSION=\"1.0\" -DPACKAGE_STRING=\"airs\ 1.0\" -DPACKAGE_BUGREPORT=\"\" -DPACKAGE_URL=\"\" -DPACKAGE=\"airs\" -DVERSION=\"1.0\" -DSTDC_HEADERS=1 -DHAVE_SYS_TYPES_H=1 -DHAVE_SYS_STAT_H=1 -DHAVE_STDLIB_H=1 -DHAVE_STRING_H=1 -DHAVE_MEMORY_H=1 -DHAVE_STRINGS_H=1 -DHAVE_INTTYPES_H=1 -DHAVE_STDINT_H=1 -DHAVE_UNISTD_H=1 -DHAVE_FCNTL_H=1 -DHAVE_SYSLOG_H=1 -DHAVE_UNISTD_H=1 -DHAVE_FTRUNCATE=1 -DHAVE_MKDIR=1 -DHAVE__BOOL=1 -DHAVE_FORK=1 -DHAVE_VFORK=1 -DHAVE_WORKING_VFORK=1 -DHAVE_WORKING_FORK=1'
DEPDIR='.deps'
ECHO_C='\c'
ECHO_N=''
ECHO_T=''
EGREP='/usr/bin/grep -E'
EXEEXT=''
GREP='/usr/bin/grep'
INSTALL_DATA='${INSTALL} -m 644'
INSTALL_PROGRAM='${INSTALL}'
INSTALL_SCRIPT='${INSTALL}'
INSTALL_STRIP_PROGRAM='$(install_sh) -c -s'
LDFLAGS=''
LIBOBJS=''
LIBS=''
LTLIBOBJS=''
MAKEINFO='${SHELL} /Users/lxm/Workspace/airs/airs/missing makeinfo'
MKDIR_P='../airs/install-sh -c -d'
OBJEXT='o'
PACKAGE='airs'
PACKAGE_BUGREPORT=''
PACKAGE_NAME='airs'
PACKAGE_STRING='airs 1.0'
PACKAGE_TARNAME='airs'
PACKAGE_URL=''
PACKAGE_VERSION='1.0'
PATH_SEPARATOR=':'
SET_MAKE=''
SHELL='/bin/sh'
STRIP=''
VERSION='1.0'
ac_ct_CC='gcc'
ac_ct_CXX='g++'
am__EXEEXT_FALSE=''
am__EXEEXT_TRUE='#'
am__fastdepCC_FALSE='#'
am__fastdepCC_TRUE=''
am__fastdepCXX_FALSE='#'
am__fastdepCXX_TRUE=''
am__include='include'
am__isrc=' -I$(srcdir)'
am__leading_dot='.'
am__nodep='_no'
am__quote=''
am__tar='$${TAR-tar} chof - "$$tardir"'
am__untar='$${TAR-tar} xf -'
bindir='${exec_prefix}/bin'
build='x86_64-apple-darwin18.7.0'
build_alias=''
build_cpu='x86_64'
build_os='darwin18.7.0'
build_vendor='apple'
datadir='${datarootdir}'
datarootdir='${prefix}/share'
docdir='${datarootdir}/doc/${PACKAGE_TARNAME}'
dvidir='${docdir}'
exec_prefix='${prefix}'
host='x86_64-apple-darwin18.7.0'
host_alias=''
host_cpu='x86_64'
host_os='darwin18.7.0'
host_vendor='apple'
htmldir='${docdir}'
includedir='${prefix}/include'
infodir='${datarootdir}/info'
install_sh='${SHELL} /Users/lxm/Workspace/airs/airs/install-sh'
libdir='${exec_prefix}/lib'
libexecdir='${exec_prefix}/libexec'
localedir='${datarootdir}/locale'
localstatedir='${prefix}/var'
mandir='${datarootdir}/man'
mkdir_p='$(MKDIR_P)'
oldincludedir='/usr/include'
pdfdir='${docdir}'
prefix='/usr/local'
program_transform_name='s,x,x,'
psdir='${docdir}'
sbindir='${exec_prefix}/sbin'
sharedstatedir='${prefix}/com'
sysconfdir='${prefix}/etc'
target='x86_64-apple-darwin18.7.0'
target_alias=''
target_cpu='x86_64'
target_os='darwin18.7.0'
target_vendor='apple'

## ----------- ##
## confdefs.h. ##
## ----------- ##

/* confdefs.h */
#define PACKAGE_NAME "airs"
#define PACKAGE_TARNAME "airs"
#define PACKAGE_VERSION "1.0"
#define PACKAGE_STRING "airs 1.0"
#define PACKAGE_BUGREPORT ""
#define PACKAGE_URL ""
#define PACKAGE "airs"
#define VERSION "1.0"
#define STDC_HEADERS 1
#define HAVE_SYS_TYPES_H 1
#define HAVE_SYS_STAT_H 1
#define HAVE_STDLIB_H 1
#define HAVE_STRING_H 1
#define HAVE_MEMORY_H 1
#define HAVE_STRINGS_H 1
#define HAVE_INTTYPES_H 1
#define HAVE_STDINT_H 1
#define HAVE_UNISTD_H 1
#define HAVE_FCNTL_H 1
#define HAVE_SYSLOG_H 1
#define HAVE_UNISTD_H 1
#define HAVE_FTRUNCATE 1
#define HAVE_MKDIR 1
#define HAVE__BOOL 1
#define HAVE_FORK 1
#define HAVE_VFORK 1
#define HAVE_WORKING_VFORK 1
#define HAVE_WORKING_FORK 1

configure: exit 0

## ---------------------- ##
## Running config.status. ##
## ---------------------- ##

This file was extended by airs config.status 1.0, which was
generated by GNU Autoconf 2.69.  Invocation command line was

  CONFIG_FILES    = 
  CONFIG_HEADERS  = 
  CONFIG_LINKS    = 
  CONFIG_COMMANDS = 
  $ ./config.status src/Makefile depfiles

on nebula

config.status:796: creating src/Makefile
config.status:953: executing depfiles commands
config.status:1030: cd src       && sed -e '/# am--include-marker/d' Makefile         | make -f - am--depfiles
config.status:1035: $? = 0
